<?xml version="1.0" encoding="utf-8"?><testsuites name="pytest tests"><testsuite name="pytest" errors="0" failures="0" skipped="0" tests="6" time="0.932" timestamp="2026-06-04T18:33:27.771884+00:00" hostname="agent-env-c959650a-19c2-4536-8433-f2d6f78d1686"><testcase classname="backend.tests.test_playpals_core_flows" name="test_api_root_branding_message" time="0.158" /><testcase classname="backend.tests.test_playpals_core_flows" name="test_children_grade_and_age_boundaries" time="0.161" /><testcase classname="backend.tests.test_playpals_core_flows" name="test_availability_visibility_mode_saved" time="0.099" /><testcase classname="backend.tests.test_playpals_core_flows" name="test_match_dismiss_creates_record" time="0.052" /><testcase classname="backend.tests.test_playpals_core_flows" name="test_community_detail_parent_privacy_and_no_objectid" time="0.123" /><testcase classname="backend.tests.test_playpals_core_flows" name="test_chat_lock_after_playdate_completion" time="0.269" /></testsuite></testsuites>